C:\USERS\FANG_CHENG\DESKTOP\COPYFILE\COPYFILE\DEBUG\COPYFILE.EXE.EMBED.MANIFEST
C:\USERS\FANG_CHENG\DESKTOP\COPYFILE\COPYFILE\DEBUG\COPYFILE.EXE.EMBED.MANIFEST.RES
C:\USERS\FANG_CHENG\DESKTOP\COPYFILE\COPYFILE\DEBUG\COPYFILE.EXE.INTERMEDIATE.MANIFEST
C:\USERS\FANG_CHENG\DESKTOP\COPYFILE\COPYFILE\DEBUG\COPYFILE.OBJ
C:\USERS\FANG_CHENG\DESKTOP\COPYFILE\COPYFILE\DEBUG\COPYFILE.PCH
C:\USERS\FANG_CHENG\DESKTOP\COPYFILE\COPYFILE\DEBUG\COPYFILE.RES
C:\USERS\FANG_CHENG\DESKTOP\COPYFILE\COPYFILE\DEBUG\STDAFX.OBJ
C:\USERS\FANG_CHENG\DESKTOP\COPYFILE\COPYFILE\DEBUG\VC100.PDB
C:\USERS\FANG_CHENG\DESKTOP\COPYFILE\DEBUG\COPYFILE.EXE
C:\USERS\FANG_CHENG\DESKTOP\COPYFILE\DEBUG\COPYFILE.ILK
C:\USERS\FANG_CHENG\DESKTOP\COPYFILE\DEBUG\COPYFILE.PDB
E:\github\CopyFile\CopyFile\Debug\cl.command.1.tlog
E:\github\CopyFile\CopyFile\Debug\CL.read.1.tlog
E:\github\CopyFile\CopyFile\Debug\CL.write.1.tlog
E:\github\CopyFile\CopyFile\Debug\CopyFile.exe.embed.manifest
E:\github\CopyFile\CopyFile\Debug\CopyFile.exe.embed.manifest.res
E:\github\CopyFile\CopyFile\Debug\CopyFile.exe.intermediate.manifest
E:\github\CopyFile\CopyFile\Debug\CopyFile.obj
E:\github\CopyFile\CopyFile\Debug\CopyFile.pch
E:\github\CopyFile\CopyFile\Debug\CopyFile.res
E:\github\CopyFile\CopyFile\Debug\CopyFile.vcxprojResolveAssemblyReference.cache
E:\github\CopyFile\CopyFile\Debug\CopyFile.write.1.tlog
E:\github\CopyFile\CopyFile\Debug\CopyFile_manifest.rc
E:\github\CopyFile\CopyFile\Debug\link.7884.read.1.tlog
E:\github\CopyFile\CopyFile\Debug\link.7884.write.1.tlog
E:\github\CopyFile\CopyFile\Debug\link.7884-cvtres.read.1.tlog
E:\github\CopyFile\CopyFile\Debug\link.7884-cvtres.write.1.tlog
E:\github\CopyFile\CopyFile\Debug\link.command.1.tlog
E:\github\CopyFile\CopyFile\Debug\link.read.1.tlog
E:\github\CopyFile\CopyFile\Debug\link.write.1.tlog
E:\github\CopyFile\CopyFile\Debug\link-cvtres.read.1.tlog
E:\github\CopyFile\CopyFile\Debug\link-cvtres.write.1.tlog
E:\github\CopyFile\CopyFile\Debug\mt.command.1.tlog
E:\github\CopyFile\CopyFile\Debug\mt.read.1.tlog
E:\github\CopyFile\CopyFile\Debug\mt.write.1.tlog
E:\github\CopyFile\CopyFile\Debug\rc.command.1.tlog
E:\github\CopyFile\CopyFile\Debug\rc.read.1.tlog
E:\github\CopyFile\CopyFile\Debug\rc.write.1.tlog
E:\github\CopyFile\CopyFile\Debug\stdafx.obj
E:\github\CopyFile\CopyFile\Debug\vc100.idb
E:\github\CopyFile\CopyFile\Debug\vc100.pdb
E:\github\CopyFile\Debug\CopyFile.exe
E:\github\CopyFile\Debug\CopyFile.ilk
E:\github\CopyFile\Debug\CopyFile.pdb
